This is pdfTeX, Version 3.14159265-2.6-1.40.17 (TeX Live 2016) (preloaded format=pdflatex 2016.9.16)  14 NOV 2016 05:01
entering extended mode
 restricted \write18 enabled.
 file:line:error style messages enabled.
 %&-line parsing enabled.
**GAVLAB.tex
(./GAVLAB.tex
LaTeX2e <2016/03/31> patch level 3
Babel <3.9r> and hyphenation patterns for 83 language(s) loaded.
(/usr/local/texlive/2016/texmf-dist/tex/latex/base/article.cls
Document Class: article 2014/09/29 v1.4h Standard LaTeX document class
(/usr/local/texlive/2016/texmf-dist/tex/latex/base/size12.clo
File: size12.clo 2014/09/29 v1.4h Standard LaTeX file (size option)
)
\c@part=\count79
\c@section=\count80
\c@subsection=\count81
\c@subsubsection=\count82
\c@paragraph=\count83
\c@subparagraph=\count84
\c@figure=\count85
\c@table=\count86
\abovecaptionskip=\skip41
\belowcaptionskip=\skip42
\bibindent=\dimen102
)
(/usr/local/texlive/2016/texmf-dist/tex/latex/algorithm2e/algorithm2e.sty
Package: algorithm2e 2013/01/06 v5.00 algorithms environments
\c@AlgoLine=\count87

(/usr/local/texlive/2016/texmf-dist/tex/latex/base/ifthen.sty
Package: ifthen 2014/09/29 v1.1c Standard LaTeX ifthen package (DPC)
)
\algocf@hangindent=\skip43

(/usr/local/texlive/2016/texmf-dist/tex/latex/tools/xspace.sty
Package: xspace 2014/10/28 v1.13 Space after command names (DPC,MH)
)
(/usr/local/texlive/2016/texmf-dist/tex/latex/relsize/relsize.sty
Package: relsize 2013/03/29 ver 4.1
)
********************************************************
Package `algorithm2e' Release 5.1 -- october 19 2015 --
- algorithm2e-announce@lirmm.fr mailing list for announcement about releases
- algorithm2e-discussion@lirmm.fr mailing list for discussion about package
subscribe by emailing sympa@lirmm.fr with 'subscribe <list> <firstname name>'
- Author: Christophe Fiorio (christophe.fiorio@umontpellier.fr)
********************************************************
\skiptotal=\skip44
\skiplinenumber=\skip45
\skiprule=\skip46
\skiphlne=\skip47
\skiptext=\skip48
\skiplength=\skip49
\algomargin=\skip50
\skipalgocfslide=\skip51
\algowidth=\dimen103
\inoutsize=\dimen104
\inoutindent=\dimen105
\interspacetitleruled=\dimen106
\interspacealgoruled=\dimen107
\interspacetitleboxruled=\dimen108
\algocf@ruledwidth=\skip52
\algocf@inoutbox=\box26
\algocf@inputbox=\box27
\AlCapSkip=\skip53
\AlCapHSkip=\skip54
\algoskipindent=\skip55
\algocf@nlbox=\box28
\algocf@hangingbox=\box29
\algocf@untilbox=\box30
\algocf@skipuntil=\skip56
\algocf@capbox=\box31
\algoheightruledefault=\skip57
\algoheightrule=\skip58
\algotitleheightruledefault=\skip59
\algotitleheightrule=\skip60
\c@algocfline=\count88
\c@algocfproc=\count89
\c@algocf=\count90
\algocf@algoframe=\box32
\algocf@algobox=\box33
) (/usr/local/texlive/2016/texmf-dist/tex/latex/algorithmicx/algpseudocode.sty
Package: algpseudocode 

(/usr/local/texlive/2016/texmf-dist/tex/latex/algorithmicx/algorithmicx.sty
Package: algorithmicx 2005/04/27 v1.2 Algorithmicx

Document Style algorithmicx 1.2 - a greatly improved `algorithmic' style
\c@ALG@line=\count91
\c@ALG@rem=\count92
\c@ALG@nested=\count93
\ALG@tlm=\skip61
\ALG@thistlm=\skip62
\c@ALG@Lnr=\count94
\c@ALG@blocknr=\count95
\c@ALG@storecount=\count96
\c@ALG@tmpcounter=\count97
\ALG@tmplength=\skip63
)
Document Style - pseudocode environments for use with the `algorithmicx' style
) (/usr/local/texlive/2016/texmf-dist/tex/latex/blindtext/blindtext.sty
Package: blindtext 2012/01/06 V2.0 blindtext-Package
\c@blindtext=\count98
\c@Blindtext=\count99
\c@blind@countparstart=\count100
\blind@countxx=\count101
\blindtext@numBlindtext=\count102
\blind@countyy=\count103
\c@blindlist=\count104
\c@blindlistlevel=\count105
\c@blindlist@level=\count106
\blind@listitem=\count107
\c@blind@listcount=\count108
\c@blind@levelcount=\count109
\blind@mathformula=\count110
\blind@Mathformula=\count111
\c@blind@randomcount=\count112
\c@blind@randommax=\count113
\c@blind@pangramcount=\count114
\c@blind@pangrammax=\count115
)
(/usr/local/texlive/2016/texmf-dist/tex/latex/enumitem/enumitem.sty
Package: enumitem 2011/09/28 v3.5.2 Customized lists
\enitkv@toks@=\toks14
\labelindent=\skip64
\enit@outerparindent=\dimen109
\enit@toks=\toks15
\enit@inbox=\box34
\enitdp@description=\count116
)
(/usr/local/texlive/2016/texmf-dist/tex/latex/graphics/graphicx.sty
Package: graphicx 2014/10/28 v1.0g Enhanced LaTeX Graphics (DPC,SPQR)

(/usr/local/texlive/2016/texmf-dist/tex/latex/graphics/keyval.sty
Package: keyval 2014/10/28 v1.15 key=value parser (DPC)
\KV@toks@=\toks16
)
(/usr/local/texlive/2016/texmf-dist/tex/latex/graphics/graphics.sty
Package: graphics 2016/07/10 v1.0t Standard LaTeX Graphics (DPC,SPQR)

(/usr/local/texlive/2016/texmf-dist/tex/latex/graphics/trig.sty
Package: trig 2016/01/03 v1.10 sin cos tan (DPC)
)
(/usr/local/texlive/2016/texmf-dist/tex/latex/graphics-cfg/graphics.cfg
File: graphics.cfg 2016/06/04 v1.11 sample graphics configuration
)
Package graphics Info: Driver file: pdftex.def on input line 99.

(/usr/local/texlive/2016/texmf-dist/tex/latex/graphics-def/pdftex.def
File: pdftex.def 2016/07/10 v0.06j Graphics/color for pdfTeX

(/usr/local/texlive/2016/texmf-dist/tex/generic/oberdiek/infwarerr.sty
Package: infwarerr 2016/05/16 v1.4 Providing info/warning/error messages (HO)
)
(/usr/local/texlive/2016/texmf-dist/tex/generic/oberdiek/ltxcmds.sty
Package: ltxcmds 2016/05/16 v1.23 LaTeX kernel commands for general use (HO)
)
\Gread@gobject=\count117
))
\Gin@req@height=\dimen110
\Gin@req@width=\dimen111
)
(/usr/local/texlive/2016/texmf-dist/tex/latex/float/float.sty
Package: float 2001/11/08 v1.3d Float enhancements (AL)
\c@float@type=\count118
\float@exts=\toks17
\float@box=\box35
\@float@everytoks=\toks18
\@floatcapt=\box36
)
(/usr/local/texlive/2016/texmf-dist/tex/latex/tools/indentfirst.sty
Package: indentfirst 1995/11/23 v1.03 Indent first paragraph (DPC)
)
(/usr/local/texlive/2016/texmf-dist/tex/latex/listings/listings.sty
\lst@mode=\count119
\lst@gtempboxa=\box37
\lst@token=\toks19
\lst@length=\count120
\lst@currlwidth=\dimen112
\lst@column=\count121
\lst@pos=\count122
\lst@lostspace=\dimen113
\lst@width=\dimen114
\lst@newlines=\count123
\lst@lineno=\count124
\lst@maxwidth=\dimen115

(/usr/local/texlive/2016/texmf-dist/tex/latex/listings/lstmisc.sty
File: lstmisc.sty 2015/06/04 1.6 (Carsten Heinz)
\c@lstnumber=\count125
\lst@skipnumbers=\count126
\lst@framebox=\box38
)
(/usr/local/texlive/2016/texmf-dist/tex/latex/listings/listings.cfg
File: listings.cfg 2015/06/04 1.6 listings configuration
))
Package: listings 2015/06/04 1.6 (Carsten Heinz)

(/usr/local/texlive/2016/texmf-dist/tex/latex/graphics/color.sty
Package: color 2016/07/10 v1.1e Standard LaTeX Color (DPC)

(/usr/local/texlive/2016/texmf-dist/tex/latex/graphics-cfg/color.cfg
File: color.cfg 2016/01/02 v1.6 sample color configuration
)
Package color Info: Driver file: pdftex.def on input line 147.
)
(/usr/local/texlive/2016/texmf-dist/tex/latex/xcolor/xcolor.sty
Package: xcolor 2016/05/11 v2.12 LaTeX color extensions (UK)

(/usr/local/texlive/2016/texmf-dist/tex/latex/graphics-cfg/color.cfg
File: color.cfg 2016/01/02 v1.6 sample color configuration
)
Package xcolor Info: Driver file: pdftex.def on input line 225.
LaTeX Info: Redefining \color on input line 709.
Package xcolor Info: Model `cmy' substituted by `cmy0' on input line 1348.
Package xcolor Info: Model `hsb' substituted by `rgb' on input line 1352.
Package xcolor Info: Model `RGB' extended on input line 1364.
Package xcolor Info: Model `HTML' substituted by `rgb' on input line 1366.
Package xcolor Info: Model `Hsb' substituted by `hsb' on input line 1367.
Package xcolor Info: Model `tHsb' substituted by `hsb' on input line 1368.
Package xcolor Info: Model `HSB' substituted by `hsb' on input line 1369.
Package xcolor Info: Model `Gray' substituted by `gray' on input line 1370.
Package xcolor Info: Model `wave' substituted by `hsb' on input line 1371.
)
(/usr/local/texlive/2016/texmf-dist/tex/latex/caption/caption.sty
Package: caption 2016/02/21 v3.3-144 Customizing captions (AR)

(/usr/local/texlive/2016/texmf-dist/tex/latex/caption/caption3.sty
Package: caption3 2016/05/22 v1.7-166 caption3 kernel (AR)
Package caption3 Info: TeX engine: e-TeX on input line 67.
\captionmargin=\dimen116
\captionmargin@=\dimen117
\captionwidth=\dimen118
\caption@tempdima=\dimen119
\caption@indent=\dimen120
\caption@parindent=\dimen121
\caption@hangindent=\dimen122
)
\c@ContinuedFloat=\count127
Package caption Info: float package is loaded.
Package caption Info: listings package is loaded.
)
(/usr/local/texlive/2016/texmf-dist/tex/latex/pdfpages/pdfpages.sty
Package: pdfpages 2016/04/19 v0.5f Insert pages of external PDF documents (AM)

(/usr/local/texlive/2016/texmf-dist/tex/latex/tools/calc.sty
Package: calc 2014/10/28 v4.3 Infix arithmetic (KKT,FJ)
\calc@Acount=\count128
\calc@Bcount=\count129
\calc@Adimen=\dimen123
\calc@Bdimen=\dimen124
\calc@Askip=\skip65
\calc@Bskip=\skip66
LaTeX Info: Redefining \setlength on input line 80.
LaTeX Info: Redefining \addtolength on input line 81.
\calc@Ccount=\count130
\calc@Cskip=\skip67
)
(/usr/local/texlive/2016/texmf-dist/tex/latex/eso-pic/eso-pic.sty
Package: eso-pic 2015/07/21 v2.0g eso-pic (RN)

(/usr/local/texlive/2016/texmf-dist/tex/generic/oberdiek/atbegshi.sty
Package: atbegshi 2016/06/09 v1.18 At begin shipout hook (HO)

(/usr/local/texlive/2016/texmf-dist/tex/generic/oberdiek/ifpdf.sty
Package: ifpdf 2016/05/14 v3.1 Provides the ifpdf switch
)))
\AM@pagewidth=\dimen125
\AM@pageheight=\dimen126

(/usr/local/texlive/2016/texmf-dist/tex/latex/pdfpages/pppdftex.def
File: pppdftex.def 2016/04/19 v0.5f Pdfpages driver for pdfTeX (AM)
)
\AM@pagebox=\box39
\AM@global@opts=\toks20
\AM@toc@title=\toks21
\c@AM@survey=\count131
\AM@templatesizebox=\box40
)
(/usr/local/texlive/2016/texmf-dist/tex/latex/amsfonts/amssymb.sty
Package: amssymb 2013/01/14 v3.01 AMS font symbols

(/usr/local/texlive/2016/texmf-dist/tex/latex/amsfonts/amsfonts.sty
Package: amsfonts 2013/01/14 v3.01 Basic AMSFonts support
\@emptytoks=\toks22
\symAMSa=\mathgroup4
\symAMSb=\mathgroup5
LaTeX Font Info:    Overwriting math alphabet `\mathfrak' in version `bold'
(Font)                  U/euf/m/n --> U/euf/b/n on input line 106.
))
(/usr/local/texlive/2016/texmf-dist/tex/latex/amsmath/amsmath.sty
Package: amsmath 2016/06/28 v2.15d AMS math features
\@mathmargin=\skip68

For additional information on amsmath, use the `?' option.
(/usr/local/texlive/2016/texmf-dist/tex/latex/amsmath/amstext.sty
Package: amstext 2000/06/29 v2.01 AMS text

(/usr/local/texlive/2016/texmf-dist/tex/latex/amsmath/amsgen.sty
File: amsgen.sty 1999/11/30 v2.0 generic functions
\@emptytoks=\toks23
\ex@=\dimen127
))
(/usr/local/texlive/2016/texmf-dist/tex/latex/amsmath/amsbsy.sty
Package: amsbsy 1999/11/29 v1.2d Bold Symbols
\pmbraise@=\dimen128
)
(/usr/local/texlive/2016/texmf-dist/tex/latex/amsmath/amsopn.sty
Package: amsopn 2016/03/08 v2.02 operator names
)
\inf@bad=\count132
LaTeX Info: Redefining \frac on input line 199.
\uproot@=\count133
\leftroot@=\count134
LaTeX Info: Redefining \overline on input line 297.
\classnum@=\count135
\DOTSCASE@=\count136
LaTeX Info: Redefining \ldots on input line 394.
LaTeX Info: Redefining \dots on input line 397.
LaTeX Info: Redefining \cdots on input line 518.
\Mathstrutbox@=\box41
\strutbox@=\box42
\big@size=\dimen129
LaTeX Font Info:    Redeclaring font encoding OML on input line 634.
LaTeX Font Info:    Redeclaring font encoding OMS on input line 635.
\macc@depth=\count137
\c@MaxMatrixCols=\count138
\dotsspace@=\muskip10
\c@parentequation=\count139
\dspbrk@lvl=\count140
\tag@help=\toks24
\row@=\count141
\column@=\count142
\maxfields@=\count143
\andhelp@=\toks25
\eqnshift@=\dimen130
\alignsep@=\dimen131
\tagshift@=\dimen132
\tagwidth@=\dimen133
\totwidth@=\dimen134
\lineht@=\dimen135
\@envbody=\toks26
\multlinegap=\skip69
\multlinetaggap=\skip70
\mathdisplay@stack=\toks27
LaTeX Info: Redefining \[ on input line 2739.
LaTeX Info: Redefining \] on input line 2740.
)
(/usr/local/texlive/2016/texmf-dist/tex/latex/cases/cases.sty
Package: cases 2002/05/02 ver 2.5 
)
(/usr/local/texlive/2016/texmf-dist/tex/latex/cite/cite.sty
LaTeX Info: Redefining \cite on input line 302.
LaTeX Info: Redefining \nocite on input line 332.
Package: cite 2015/02/27  v 5.5
)
(/usr/local/texlive/2016/texmf-dist/tex/latex/listings/lstlang1.sty
File: lstlang1.sty 2015/06/04 1.6 listings language file
)
(/usr/local/texlive/2016/texmf-dist/tex/latex/listings/lstlang1.sty
File: lstlang1.sty 2015/06/04 1.6 listings language file
)
(/usr/local/texlive/2016/texmf-dist/tex/latex/listings/lstmisc.sty
File: lstmisc.sty 2015/06/04 1.6 (Carsten Heinz)
)
(./GAVLAB.aux)
\openout1 = `GAVLAB.aux'.

LaTeX Font Info:    Checking defaults for OML/cmm/m/it on input line 45.
LaTeX Font Info:    ... okay on input line 45.
LaTeX Font Info:    Checking defaults for T1/cmr/m/n on input line 45.
LaTeX Font Info:    ... okay on input line 45.
LaTeX Font Info:    Checking defaults for OT1/cmr/m/n on input line 45.
LaTeX Font Info:    ... okay on input line 45.
LaTeX Font Info:    Checking defaults for OMS/cmsy/m/n on input line 45.
LaTeX Font Info:    ... okay on input line 45.
LaTeX Font Info:    Checking defaults for OMX/cmex/m/n on input line 45.
LaTeX Font Info:    ... okay on input line 45.
LaTeX Font Info:    Checking defaults for U/cmr/m/n on input line 45.
LaTeX Font Info:    ... okay on input line 45.

(/usr/local/texlive/2016/texmf-dist/tex/context/base/mkii/supp-pdf.mkii
[Loading MPS to PDF converter (version 2006.09.02).]
\scratchcounter=\count144
\scratchdimen=\dimen136
\scratchbox=\box43
\nofMPsegments=\count145
\nofMParguments=\count146
\everyMPshowfont=\toks28
\MPscratchCnt=\count147
\MPscratchDim=\dimen137
\MPnumerator=\count148
\makeMPintoPDFobject=\count149
\everyMPtoPDFconversion=\toks29
) (/usr/local/texlive/2016/texmf-dist/tex/generic/oberdiek/pdftexcmds.sty
Package: pdftexcmds 2016/05/21 v0.22 Utility functions of pdfTeX for LuaTeX (HO
)

(/usr/local/texlive/2016/texmf-dist/tex/generic/oberdiek/ifluatex.sty
Package: ifluatex 2016/05/16 v1.4 Provides the ifluatex switch (HO)
Package ifluatex Info: LuaTeX not detected.
)
Package pdftexcmds Info: LuaTeX not detected.
Package pdftexcmds Info: \pdf@primitive is available.
Package pdftexcmds Info: \pdf@ifprimitive is available.
Package pdftexcmds Info: \pdfdraftmode found.
)
(/usr/local/texlive/2016/texmf-dist/tex/latex/oberdiek/epstopdf-base.sty
Package: epstopdf-base 2016/05/15 v2.6 Base part for package epstopdf

(/usr/local/texlive/2016/texmf-dist/tex/latex/oberdiek/grfext.sty
Package: grfext 2016/05/16 v1.2 Manage graphics extensions (HO)

(/usr/local/texlive/2016/texmf-dist/tex/generic/oberdiek/kvdefinekeys.sty
Package: kvdefinekeys 2016/05/16 v1.4 Define keys (HO)
))
(/usr/local/texlive/2016/texmf-dist/tex/latex/oberdiek/kvoptions.sty
Package: kvoptions 2016/05/16 v3.12 Key value format for package options (HO)

(/usr/local/texlive/2016/texmf-dist/tex/generic/oberdiek/kvsetkeys.sty
Package: kvsetkeys 2016/05/16 v1.17 Key value parser (HO)

(/usr/local/texlive/2016/texmf-dist/tex/generic/oberdiek/etexcmds.sty
Package: etexcmds 2016/05/16 v1.6 Avoid name clashes with e-TeX commands (HO)
Package etexcmds Info: Could not find \expanded.
(etexcmds)             That can mean that you are not using pdfTeX 1.50 or
(etexcmds)             that some package has redefined \expanded.
(etexcmds)             In the latter case, load this package earlier.
)))
Package epstopdf-base Info: Redefining graphics rule for `.eps' on input line 4
38.
Package grfext Info: Graphics extension search list:
(grfext)             [.png,.pdf,.jpg,.mps,.jpeg,.jbig2,.jb2,.PNG,.PDF,.JPG,.JPE
G,.JBIG2,.JB2,.eps]
(grfext)             \AppendGraphicsExtensions on input line 456.

(/usr/local/texlive/2016/texmf-dist/tex/latex/latexconfig/epstopdf-sys.cfg
File: epstopdf-sys.cfg 2010/07/13 v1.3 Configuration of (r)epstopdf for TeX Liv
e
))
\c@lstlisting=\count150
Package caption Info: Begin \AtBeginDocument code.
Package caption Info: End \AtBeginDocument code.
\AtBeginShipoutBox=\box44

(/usr/local/texlive/2016/texmf-dist/tex/latex/oberdiek/pdflscape.sty
Package: pdflscape 2016/05/14 v0.11 Display of landscape pages in PDF (HO)

(/usr/local/texlive/2016/texmf-dist/tex/latex/graphics/lscape.sty
Package: lscape 2000/10/22 v3.01 Landscape Pages (DPC)
)
Package pdflscape Info: Auto-detected driver: pdftex on input line 81.

(/usr/local/texlive/2016/texmf-dist/tex/generic/ifxetex/ifxetex.sty
Package: ifxetex 2010/09/12 v0.6 Provides ifxetex conditional
))
LaTeX Font Info:    Try loading font information for U+msa on input line 49.

(/usr/local/texlive/2016/texmf-dist/tex/latex/amsfonts/umsa.fd
File: umsa.fd 2013/01/14 v3.01 AMS symbols A
)
LaTeX Font Info:    Try loading font information for U+msb on input line 49.

(/usr/local/texlive/2016/texmf-dist/tex/latex/amsfonts/umsb.fd
File: umsb.fd 2013/01/14 v3.01 AMS symbols B
)
<1000.png, id=1, 1445.4pt x 903.375pt>
File: 1000.png Graphic file (type png)
 <use 1000.png>
Package pdftex.def Info: 1000.png used on input line 53.
(pdftex.def)             Requested size: 409.71573pt x 256.07233pt.

Overfull \hbox (19.71573pt too wide) in paragraph at lines 53--54
 [][] 
 []

[1

{/usr/local/texlive/2016/texmf-var/fonts/map/pdftex/updmap/pdftex.map} <./1000.
png>] (./GAVLAB.toc [2

])
\tf@toc=\write3
\openout3 = `GAVLAB.toc'.

 [3] [4

] <GAVLAB.png, id=21, 1445.4pt x 903.375pt>
File: GAVLAB.png Graphic file (type png)

<use GAVLAB.png>
Package pdftex.def Info: GAVLAB.png used on input line 103.
(pdftex.def)             Requested size: 409.71573pt x 256.07233pt.

Overfull \hbox (19.71573pt too wide) in paragraph at lines 103--104
 [][] 
 []

<100.png, id=22, 1445.4pt x 903.375pt>
File: 100.png Graphic file (type png)
 <use 100.png>
Package pdftex.def Info: 100.png used on input line 114.
(pdftex.def)             Requested size: 409.71573pt x 256.07233pt.

Overfull \hbox (19.71573pt too wide) in paragraph at lines 114--115
 [][] 
 []

[5

 <./GAVLAB.png>] <Solar.png, id=27, 1445.4pt x 903.375pt>
File: Solar.png Graphic file (type png)
 <use Solar.png>
Package pdftex.def Info: Solar.png used on input line 124.
(pdftex.def)             Requested size: 409.71573pt x 256.07233pt.

Overfull \hbox (19.71573pt too wide) in paragraph at lines 124--125
 [][] 
 []

[6 <./100.png>] <HalfSolar.png, id=32, 1445.4pt x 903.375pt>
File: HalfSolar.png Graphic file (type png)

<use HalfSolar.png>
Package pdftex.def Info: HalfSolar.png used on input line 134.
(pdftex.def)             Requested size: 409.71573pt x 256.07233pt.

Overfull \hbox (19.71573pt too wide) in paragraph at lines 134--135
 [][] 
 []

[7 <./Solar.png>] <3Body.png, id=38, 1445.4pt x 903.375pt>
File: 3Body.png Graphic file (type png)
 <use 3Body.png>
Package pdftex.def Info: 3Body.png used on input line 143.
(pdftex.def)             Requested size: 409.71573pt x 256.07233pt.

Overfull \hbox (19.71573pt too wide) in paragraph at lines 143--144
 [][] 
 []

[8 <./HalfSolar.png>] [9 <./3Body.png>]
<Xcode.png, id=47, 1445.4pt x 903.375pt>
File: Xcode.png Graphic file (type png)
 <use Xcode.png>
Package pdftex.def Info: Xcode.png used on input line 166.
(pdftex.def)             Requested size: 409.71573pt x 256.07233pt.

Overfull \hbox (19.71573pt too wide) in paragraph at lines 166--167
 [][] 
 []

[10

 <./Xcode.png>] [11

]
LaTeX Font Info:    Try loading font information for OMS+cmr on input line 200.


(/usr/local/texlive/2016/texmf-dist/tex/latex/base/omscmr.fd
File: omscmr.fd 2014/09/29 v2.5h Standard LaTeX font definitions
)
LaTeX Font Info:    Font shape `OMS/cmr/m/n' in size <12> not available
(Font)              Font shape `OMS/cmsy/m/n' tried instead on input line 200.
 [12

]
<frame.png, id=59, 2649.9pt x 2529.45pt>
File: frame.png Graphic file (type png)
 <use frame.png>
Package pdftex.def Info: frame.png used on input line 251.
(pdftex.def)             Requested size: 375.55254pt x 358.48196pt.
 [13

 <./frame.png (PNG copy)>] [14

]
LaTeX Font Info:    Font shape `OT1/cmtt/bx/n' in size <12> not available
(Font)              Font shape `OT1/cmtt/m/n' tried instead on input line 331.

Overfull \hbox (16.22217pt too wide) in paragraph at lines 353--353
[] [][][][][][] 
 []

[15]
Overfull \hbox (16.22217pt too wide) in paragraph at lines 367--367
[] [][][][][][] 
 []


Overfull \hbox (16.22217pt too wide) in paragraph at lines 378--378
[] [][][][][][] 
 []

[16

]
Overfull \hbox (16.22217pt too wide) in paragraph at lines 408--408
[] [][][][][][] 
 []

[17

]
Overfull \hbox (16.22217pt too wide) in paragraph at lines 434--434
[] [][][][][][] 
 []


Overfull \hbox (28.77019pt too wide) in paragraph at lines 436--439
\OT1/cmr/m/n/12 struc-ture to store the data. It con-tains the name,mass,radius
,position,velocity,color
 []

[18

]
Overfull \hbox (16.22217pt too wide) in paragraph at lines 476--476
[] [][][][][][] 
 []

[19

]
Overfull \hbox (16.22217pt too wide) in paragraph at lines 506--506
[] [][][][][][] 
 []


Overfull \hbox (16.22217pt too wide) in paragraph at lines 515--515
[] [][][][][][] 
 []

[20

]
Overfull \hbox (16.22217pt too wide) in paragraph at lines 548--548
[] [][][][][][] 
 []

[21

]
Overfull \hbox (16.22217pt too wide) in paragraph at lines 579--579
[] [][][][][][] 
 []

[22

]
Overfull \hbox (16.22217pt too wide) in paragraph at lines 615--615
[] [][][][][][] 
 []

[23] [24]
Overfull \hbox (16.22217pt too wide) in paragraph at lines 681--681
[] [][][][][][] 
 []


Overfull \hbox (16.22217pt too wide) in paragraph at lines 705--705
[] [][][][][][] 
 []

[25

]
Overfull \hbox (16.22217pt too wide) in paragraph at lines 717--717
[] [][][][][][] 
 []

<SI2.png, id=114, 1445.4pt x 903.375pt>
File: SI2.png Graphic file (type png)
 <use SI2.png>
Package pdftex.def Info: SI2.png used on input line 723.
(pdftex.def)             Requested size: 409.71573pt x 256.07233pt.

Overfull \hbox (19.71573pt too wide) in paragraph at lines 723--724
 [][] 
 []

[26 <./SI2.png>]
Overfull \hbox (16.22217pt too wide) in paragraph at lines 740--740
[] [][][][][][] 
 []


Overfull \hbox (16.22217pt too wide) in paragraph at lines 768--768
[] [][][][][][] 
 []

[27

]
Overfull \hbox (16.22217pt too wide) in paragraph at lines 796--796
[] [][][][][][] 
 []

[28] <SI4.png, id=125, 1445.4pt x 903.375pt>
File: SI4.png Graphic file (type png)
 <use SI4.png>
Package pdftex.def Info: SI4.png used on input line 802.
(pdftex.def)             Requested size: 409.71573pt x 256.07233pt.

Overfull \hbox (19.71573pt too wide) in paragraph at lines 802--803
 [][] 
 []

[29

 <./SI4.png>]
Overfull \hbox (16.22217pt too wide) in paragraph at lines 817--817
[] [][][][][][] 
 []


Overfull \hbox (16.22217pt too wide) in paragraph at lines 847--847
[] [][][][][][] 
 []

[30

]
Overfull \hbox (16.22217pt too wide) in paragraph at lines 880--880
[] [][][][][][] 
 []

[31] <grid.pdf, id=137, 228.10219pt x 230.69186pt>
File: grid.pdf Graphic file (type pdf)
 <use grid.pdf>
Package pdftex.def Info: grid.pdf used on input line 904.
(pdftex.def)             Requested size: 199.17471pt x 199.16905pt.

Overfull \hbox (6.90388pt too wide) in paragraph at lines 908--910
[]\OT1/cmr/m/n/12 Then what we con-sider in the cell is the grav-i-ta-tional po
-ten-tial $^^H[]$,assuming
 []

[32 <./grid.pdf>] [33]
Overfull \hbox (64.26575pt too wide) detected at line 972
\OT1/cmr/m/n/12 ^^H [] = [] [] [] \OML/cmm/m/it/12 M\OT1/cmr/m/n/12 (\OML/cmm/m
/it/12 p; q; r\OT1/cmr/m/n/12 )([])[] [] [] [] [](\OML/cmm/m/it/12 k; l; m\OT1/
cmr/m/n/12 )\OML/cmm/m/it/12 e[]
 []


Overfull \hbox (98.37224pt too wide) detected at line 979
\OT1/cmr/m/n/12 ^^H [] = ([])[] [] [] [] [](\OML/cmm/m/it/12 k; l; m\OT1/cmr/m/
n/12 ) [] \OML/cmm/m/it/12 e[]
 []

[34]
Overfull \hbox (16.22217pt too wide) in paragraph at lines 1028--1028
[] [][][][][][] 
 []

[35]
Overfull \hbox (16.22217pt too wide) in paragraph at lines 1047--1047
[] [][][][][][] 
 []


Overfull \hbox (16.22217pt too wide) in paragraph at lines 1060--1060
[] [][][][][][] 
 []

[36]
Overfull \hbox (16.22217pt too wide) in paragraph at lines 1073--1073
[] [][][][][][] 
 []


Overfull \hbox (16.22217pt too wide) in paragraph at lines 1089--1089
[] [][][][][][] 
 []

[37]
Overfull \hbox (16.22217pt too wide) in paragraph at lines 1105--1105
[] [][][][][][] 
 []

[38

]
Overfull \hbox (16.22217pt too wide) in paragraph at lines 1138--1138
[] [][][][][][] 
 []

[39

]
Overfull \hbox (16.22217pt too wide) in paragraph at lines 1166--1166
[] [][][][][][] 
 []

<collision.png, id=170, 1445.4pt x 903.375pt>
File: collision.png Graphic file (type png)
 <use collision.png>
Package pdftex.def Info: collision.png used on input line 1172.
(pdftex.def)             Requested size: 409.71573pt x 256.07233pt.

Overfull \hbox (19.71573pt too wide) in paragraph at lines 1172--1173
 [][] 
 []

[40

] [41 <./collision.png>]
Overfull \hbox (16.22217pt too wide) in paragraph at lines 1207--1207
[] [][][][][][] 
 []


Overfull \hbox (7.25847pt too wide) in paragraph at lines 1209--1214
[]\OT1/cmr/m/n/12 eyeX,eyeY,eyeZ are the po-si-tion of the cam-era and cen-terX
,centerY,centerZ
 []

[42

]
Overfull \hbox (16.22217pt too wide) in paragraph at lines 1226--1226
[] [][][][][][] 
 []


Overfull \hbox (16.22217pt too wide) in paragraph at lines 1248--1248
[] [][][][][][] 
 []

[43]
Overfull \hbox (16.22217pt too wide) in paragraph at lines 1283--1283
[] [][][][][][] 
 []

<background.png, id=185, 1445.4pt x 903.375pt>
File: background.png Graphic file (type png)
 <use background.png>
Package pdftex.def Info: background.png used on input line 1287.
(pdftex.def)             Requested size: 409.71573pt x 256.07233pt.

Overfull \hbox (19.71573pt too wide) in paragraph at lines 1287--1288
 [][] 
 []

[44

] [45 <./background.png>]
Overfull \hbox (16.22217pt too wide) in paragraph at lines 1318--1318
[] [][][][][][] 
 []

[46

]
Overfull \hbox (16.22217pt too wide) in paragraph at lines 1345--1345
[] [][][][][][] 
 []

[47

]
Overfull \hbox (16.22217pt too wide) in paragraph at lines 1369--1369
[] [][][][][][] 
 []

[48]
Overfull \hbox (16.22217pt too wide) in paragraph at lines 1411--1411
[] [][][][][][] 
 []

[49

]
Overfull \hbox (16.22217pt too wide) in paragraph at lines 1422--1422
[] [][][][][][] 
 []


Overfull \hbox (16.22217pt too wide) in paragraph at lines 1439--1439
[] [][][][][][] 
 []

[50

]
Overfull \hbox (16.22217pt too wide) in paragraph at lines 1460--1460
[] [][][][][][] 
 []

[51

]
Overfull \hbox (16.22217pt too wide) in paragraph at lines 1506--1506
[] [][][][][][] 
 []

[52

]
Overfull \hbox (16.22217pt too wide) in paragraph at lines 1537--1537
[] [][][][][][] 
 []

[53

]
Overfull \hbox (16.22217pt too wide) in paragraph at lines 1573--1573
[] [][][][][][] 
 []

[54

]
Overfull \hbox (16.22217pt too wide) in paragraph at lines 1610--1610
[] [][][][][][] 
 []

[55

]
Overfull \hbox (16.22217pt too wide) in paragraph at lines 1632--1632
[] [][][][][][] 
 []

[56

]
Underfull \hbox (badness 10000) in paragraph at lines 1635--1639

 []


Overfull \hbox (16.22217pt too wide) in paragraph at lines 1665--1665
[] [][][][][][] 
 []

[57

]
Underfull \hbox (badness 10000) in paragraph at lines 1671--1672

 []


Overfull \hbox (16.22217pt too wide) in paragraph at lines 1678--1678
[] [][][][][][] 
 []

<control.png, id=232, 1445.4pt x 903.375pt>
File: control.png Graphic file (type png)
 <use control.png>
Package pdftex.def Info: control.png used on input line 1682.
(pdftex.def)             Requested size: 409.71573pt x 256.07233pt.

Overfull \hbox (19.71573pt too wide) in paragraph at lines 1682--1683
 [][] 
 []

[58

 <./control.png>]
Underfull \hbox (badness 10000) in paragraph at lines 1690--1691

 []


Overfull \hbox (16.22217pt too wide) in paragraph at lines 1709--1709
[] [][][][][][] 
 []

[59

] [60

] [61

] [62

] (./GAVLAB.aux) )
(\end occurred inside a group at level 1)

### simple group (level 1) entered at line 1061 ({)
### bottom level 
Here is how much of TeX's memory you used:
 8662 strings out of 493013
 128073 string characters out of 6133343
 339409 words of memory out of 5000000
 12051 multiletter control sequences out of 15000+600000
 14002 words of font info for 55 fonts, out of 8000000 for 9000
 1141 hyphenation exceptions out of 8191
 40i,12n,58p,342b,7110s stack positions out of 5000i,500n,10000p,200000b,80000s
</usr/local/texlive/2016/texmf-dist/fonts/type1/public/amsfonts
/cm/cmbx10.pfb></usr/local/texlive/2016/texmf-dist/fonts/type1/public/amsfonts/
cm/cmbx12.pfb></usr/local/texlive/2016/texmf-dist/fonts/type1/public/amsfonts/c
m/cmbx8.pfb></usr/local/texlive/2016/texmf-dist/fonts/type1/public/amsfonts/cm/
cmex10.pfb></usr/local/texlive/2016/texmf-dist/fonts/type1/public/amsfonts/cm/c
mitt10.pfb></usr/local/texlive/2016/texmf-dist/fonts/type1/public/amsfonts/cm/c
mmi12.pfb></usr/local/texlive/2016/texmf-dist/fonts/type1/public/amsfonts/cm/cm
mi6.pfb></usr/local/texlive/2016/texmf-dist/fonts/type1/public/amsfonts/cm/cmmi
8.pfb></usr/local/texlive/2016/texmf-dist/fonts/type1/public/amsfonts/cm/cmr12.
pfb></usr/local/texlive/2016/texmf-dist/fonts/type1/public/amsfonts/cm/cmr17.pf
b></usr/local/texlive/2016/texmf-dist/fonts/type1/public/amsfonts/cm/cmr6.pfb><
/usr/local/texlive/2016/texmf-dist/fonts/type1/public/amsfonts/cm/cmr8.pfb></us
r/local/texlive/2016/texmf-dist/fonts/type1/public/amsfonts/cm/cmsy10.pfb></usr
/local/texlive/2016/texmf-dist/fonts/type1/public/amsfonts/cm/cmsy6.pfb></usr/l
ocal/texlive/2016/texmf-dist/fonts/type1/public/amsfonts/cm/cmsy8.pfb></usr/loc
al/texlive/2016/texmf-dist/fonts/type1/public/amsfonts/cm/cmtt12.pfb></usr/loca
l/texlive/2016/texmf-dist/fonts/type1/public/amsfonts/symbols/msam10.pfb>
Output written on GAVLAB.pdf (62 pages, 6996535 bytes).
PDF statistics:
 306 PDF objects out of 1000 (max. 8388607)
 196 compressed objects within 2 object streams
 0 named destinations out of 1000 (max. 500000)
 71 words of extra memory for PDF output out of 10000 (max. 10000000)

